
-----------------------------------------------------------------
  pg_upgrade run on Tue Mar  7 22:54:52 2017
-----------------------------------------------------------------

You must identify the directory where the old cluster binaries reside.
Please use the -b command-line option or the PGBINOLD environment variable.
Try "pg_upgrade --help" for more information.
Try "pg_upgrade --help" for more information.

-----------------------------------------------------------------
  pg_upgrade run on Tue Mar  7 22:55:46 2017
-----------------------------------------------------------------

You must identify the directory where the old cluster binaries reside.
Please use the -b command-line option or the PGBINOLD environment variable.
Try "pg_upgrade --help" for more information.
Try "pg_upgrade --help" for more information.
Try "pg_upgrade --help" for more information.

-----------------------------------------------------------------
  pg_upgrade run on Tue Mar  7 22:56:51 2017
-----------------------------------------------------------------

You must identify the directory where the new cluster binaries reside.
Please use the -B command-line option or the PGBINNEW environment variable.
Running in verbose mode

-----------------------------------------------------------------
  pg_upgrade run on Tue Mar  7 23:12:46 2017
-----------------------------------------------------------------

You must identify the directory where the old cluster binaries reside.
Please use the -b command-line option or the PGBINOLD environment variable.
Running in verbose mode

-----------------------------------------------------------------
  pg_upgrade run on Tue Mar  7 23:13:05 2017
-----------------------------------------------------------------

You must identify the directory where the old cluster binaries reside.
Please use the -b command-line option or the PGBINOLD environment variable.
